2020-04-19 02:52:06,455 - instabot version: 0.117.0 (bot) - INFO - Instabot version: 0.117.0 Started
2020-04-19 02:52:06,456 - instabot version: 0.117.0 (bot) - DEBUG - Bot imported from /Users/venkatadineshjakkampudi/.pyenv/versions/3.7.0/envs/myproject/lib/python3.7/site-packages/instabot/bot/bot.py
2020-04-19 02:52:06,457 - instabot version: 0.117.0 (api_login) - DEBUG - Loading cookies
2020-04-19 02:52:06,457 - instabot version: 0.117.0 (api_login) - DEBUG - Loading uuids
2020-04-19 02:52:06,457 - instabot version: 0.117.0 (api_login) - INFO - Recovery from /Users/venkatadineshjakkampudi/Documents/projects/WebAutomation/src/config/paisaTamasha_uuid_and_cookie.json: COOKIE True - UUIDs True - TIMING, DEVICE and ...
- user-agent=Instagram 117.0.0.28.123 Android (28/9.0; 420dpi; 1080x1920; OnePlus; ONEPLUS A3003; OnePlus3; qcom; en_US; 180322800)
- phone_id=156584ce-7379-483b-b4b6-6519c734cdef
- uuid=fbb5a78e-1a9e-47e9-8523-2e85b94e27df
- client_session_id=7edd0617-50c8-4165-bb60-53dfff4890f2
- device_id=android-c7f1f038b66a229a
2020-04-19 02:52:06,457 - instabot version: 0.117.0 (api_login) - INFO - LOGIN FLOW! Just logged-in: False
2020-04-19 02:52:07,945 - instabot version: 0.117.0 (api) - DEBUG - POST to endpoint: feed/timeline/ returned response: <Response [200]>
2020-04-19 02:52:08,160 - instabot version: 0.117.0 (api) - DEBUG - POST to endpoint: feed/reels_tray/ returned response: <Response [200]>
2020-04-19 02:52:08,301 - instabot version: 0.117.0 (api) - DEBUG - POST to endpoint: direct_v2/ranked_recipients/ returned response: <Response [200]>
2020-04-19 02:52:08,449 - instabot version: 0.117.0 (api) - DEBUG - POST to endpoint: direct_v2/ranked_recipients/ returned response: <Response [200]>
2020-04-19 02:52:08,588 - instabot version: 0.117.0 (api) - DEBUG - POST to endpoint: direct_v2/inbox/ returned response: <Response [200]>
2020-04-19 02:52:08,704 - instabot version: 0.117.0 (api) - DEBUG - GET to endpoint: direct_v2/get_presence/ returned response: <Response [200]>
2020-04-19 02:52:09,123 - instabot version: 0.117.0 (api) - DEBUG - GET to endpoint: news/inbox/?limited_activity=true&show_su=true returned response: <Response [200]>
2020-04-19 02:52:09,273 - instabot version: 0.117.0 (api) - DEBUG - GET to endpoint: users/profile_notice/ returned response: <Response [200]>
2020-04-19 02:52:09,940 - instabot version: 0.117.0 (api) - DEBUG - POST to endpoint: discover/explore/ returned response: <Response [200]>
2020-04-19 02:52:09,944 - instabot version: 0.117.0 (api) - INFO - Logged-in successfully as 'paisaTamasha'!
2020-04-19 02:52:09,944 - instabot version: 0.117.0 (bot_checkpoint) - DEBUG - Loading Checkpoint file from: /Users/venkatadineshjakkampudi/Documents/projects/WebAutomation/src/config/paisaTamasha.checkpoint
2020-04-19 02:52:31,221 - instabot version: 0.117.0 (api) - DEBUG - POST to endpoint: media/configure/? returned response: <Response [200]>
2020-04-19 02:52:31,354 - instabot version: 0.117.0 (api) - DEBUG - POST to endpoint: qe/expose/ returned response: <Response [200]>
2020-04-19 02:52:31,354 - instabot version: 0.117.0 (bot_photo) - INFO - Photo 'final_image.jpg' is uploaded.
2020-04-19 02:52:31,355 - instabot version: 0.117.0 (bot_checkpoint) - DEBUG - Saving Checkpoint file to: /Users/venkatadineshjakkampudi/Documents/projects/WebAutomation/src/config/paisaTamasha.checkpoint
2020-04-19 02:52:31,356 - instabot version: 0.117.0 (bot) - INFO - Total requests: 39
