2020-04-19 03:17:11,058 - instabot version: 0.117.0 (bot) - INFO - Instabot version: 0.117.0 Started
2020-04-19 03:17:11,058 - instabot version: 0.117.0 (bot) - DEBUG - Bot imported from /Users/venkatadineshjakkampudi/.pyenv/versions/3.7.0/envs/myproject/lib/python3.7/site-packages/instabot/bot/bot.py
2020-04-19 03:17:11,059 - instabot version: 0.117.0 (api_login) - DEBUG - Loading cookies
2020-04-19 03:17:11,059 - instabot version: 0.117.0 (api_login) - DEBUG - Loading uuids
2020-04-19 03:17:11,059 - instabot version: 0.117.0 (api_login) - INFO - Recovery from /Users/venkatadineshjakkampudi/Documents/projects/WebAutomation/src/config/paisaTamasha_uuid_and_cookie.json: COOKIE True - UUIDs True - TIMING, DEVICE and ...
- user-agent=Instagram 117.0.0.28.123 Android (28/9.0; 420dpi; 1080x1920; OnePlus; ONEPLUS A3003; OnePlus3; qcom; en_US; 180322800)
- phone_id=156584ce-7379-483b-b4b6-6519c734cdef
- uuid=fbb5a78e-1a9e-47e9-8523-2e85b94e27df
- client_session_id=860ef94f-775b-4a77-b38f-593bbeb5c668
- device_id=android-c7f1f038b66a229a
2020-04-19 03:17:11,059 - instabot version: 0.117.0 (api_login) - INFO - LOGIN FLOW! Just logged-in: False
2020-04-19 03:17:11,574 - instabot version: 0.117.0 (api) - DEBUG - POST to endpoint: feed/timeline/ returned response: <Response [200]>
2020-04-19 03:17:11,882 - instabot version: 0.117.0 (api) - DEBUG - POST to endpoint: feed/reels_tray/ returned response: <Response [200]>
2020-04-19 03:17:11,883 - instabot version: 0.117.0 (api) - INFO - Logged-in successfully as 'paisaTamasha'!
2020-04-19 03:17:11,883 - instabot version: 0.117.0 (bot_checkpoint) - DEBUG - Loading Checkpoint file from: /Users/venkatadineshjakkampudi/Documents/projects/WebAutomation/src/config/paisaTamasha.checkpoint
2020-04-19 03:17:31,690 - instabot version: 0.117.0 (api) - DEBUG - POST to endpoint: media/configure/? returned response: <Response [200]>
2020-04-19 03:17:31,845 - instabot version: 0.117.0 (api) - DEBUG - POST to endpoint: qe/expose/ returned response: <Response [200]>
2020-04-19 03:17:31,848 - instabot version: 0.117.0 (bot_photo) - INFO - Photo 'final_image.jpg' is uploaded.
2020-04-19 03:17:31,848 - instabot version: 0.117.0 (bot_checkpoint) - DEBUG - Saving Checkpoint file to: /Users/venkatadineshjakkampudi/Documents/projects/WebAutomation/src/config/paisaTamasha.checkpoint
2020-04-19 03:17:31,849 - instabot version: 0.117.0 (bot) - INFO - Total requests: 45
